{"message":"Unauthorized request to path: /bookmarks","level":"error"}
{"message":"Unauthorized request to path: /bookmarks","level":"error"}
{"message":"Unauthorized request to path: /bookmarks/fb88ea72-a5f1-4d35-8215-48b99a698603","level":"error"}
{"message":"Unauthorized request to path: /bookmarks/fb88ea72-a5f1-4d35-8215-48b99a698603","level":"error"}
{"message":"Unauthorized request to path: /bookmarks","level":"error"}
{"message":"Unauthorized request to path: /bookmarks/fb88ea72-a5f1-4d35-8215-48b99a698603","level":"error"}
{"message":"Unauthorized request to path: /bookmarks/doesnt-exist","level":"error"}
{"message":"Bookmark with id doesnt-exist not found.","level":"error"}
{"message":"Unauthorized request to path: /bookmarks/fb88ea72-a5f1-4d35-8215-48b99a698603","level":"error"}
{"message":"Bookmark with id fb88ea72-a5f1-4d35-8215-48b99a698603 deleted.","level":"info"}
{"message":"Unauthorized request to path: /bookmarks/doesnt-exist","level":"error"}
{"message":"Bookmark with id doesnt-exist not found.","level":"error"}
{"message":"Unauthorized request to path: /bookmarks","level":"error"}
{"message":"title is required","level":"error"}
{"message":"Unauthorized request to path: /bookmarks","level":"error"}
{"message":"url is required","level":"error"}
{"message":"Unauthorized request to path: /bookmarks","level":"error"}
{"message":"rating is required","level":"error"}
{"message":"Unauthorized request to path: /bookmarks","level":"error"}
{"message":"Invalid rating 'invalid' supplied","level":"error"}
{"message":"Unauthorized request to path: /bookmarks","level":"error"}
{"message":"Invalid url 'htp://invalid-url' supplied","level":"error"}
{"message":"Unauthorized request to path: /bookmarks","level":"error"}
{"message":"Bookmark with id b0af0897-6b4c-4dc9-896e-35858b0e3c10 created","level":"info"}
